
          -------------------------------------------------------
          Amber 18 SANDER                              2018
          -------------------------------------------------------

| Run on 06/15/2018 at 18:43:44

|   Executable path: /mnt/c/Users/detlab/Bin/amber18/bin/sander
| Working directory: /mnt/c/Users/detlab/Documents/Water-model/Water-Amber-Lab/Amber-Lab
|          Hostname: Unknown
  [-O]verwriting output

File Assignments:
|  MDIN: 1_min.in.txt                                                          
| MDOUT: wat_min.out                                                           
|INPCRD: wat.inpcrd                                                            
|  PARM: wat.prmtop                                                            
|RESTRT: wat_min.rst                                                           
|  REFC: refc                                                                  
| MDVEL: mdvel                                                                 
| MDFRC: mdfrc                                                                 
|  MDEN: mden                                                                  
| MDCRD: mdcrd                                                                 
|MDINFO: mdinfo                                                                
|  MTMD: mtmd                                                                  
|INPDIP: inpdip                                                                
|RSTDIP: rstdip                                                                
|INPTRA: inptraj                                                               


 Here is the input file:

Step 1: Minimization of the energy of the system                               
 &cntrl                                                                        
  imin   = 1,                                                                  
  maxcyc = 4000,                                                               
  ncyc   = 1000,                                                               
  ntb    = 1,                                                                  
  cut    = 9.287                                                               
 /                                                                             

--------------------------------------------------------------------------------
   1.  RESOURCE   USE: 
--------------------------------------------------------------------------------

| Flags:                                                                        
 getting new box info from bottom of inpcrd
|  INFO: Old style inpcrd file read

| peek_ewald_inpcrd: Box info found
|Largest sphere to fit in unit cell has radius =    11.703
| New format PARM file being parsed.
| Version =    1.000 Date = 06/15/18 Time = 18:36:46
 NATOM  =    1296 NTYPES =       2 NBONH =    1296 MBONA  =       0
 NTHETH =       0 MTHETA =       0 NPHIH =       0 MPHIA  =       0
 NHPARM =       0 NPARM  =       0 NNB   =    1728 NRES   =     432
 NBONA  =       0 NTHETA =       0 NPHIA =       0 NUMBND =       2
 NUMANG =       0 NPTRA  =       0 NATYP =       2 NPHB   =       1
 IFBOX  =       1 NMXRS  =       3 IFCAP =       0 NEXTRA =       0
 NCOPY  =       0


|     Memory Use     Allocated
|     Real              187637
|     Hollerith           4322
|     Integer            49385
|     Max Pairs         621182
|     nblistReal         15552
|     nblist Int         51617
|       Total             4425 kbytes

| Note: 1-4 EEL scale factors are being read from the topology file.

| Note: 1-4 VDW scale factors are being read from the topology file.
| Duplicated    0 dihedrals
| Duplicated    0 dihedrals

     BOX TYPE: RECTILINEAR

--------------------------------------------------------------------------------
   2.  CONTROL  DATA  FOR  THE  RUN
--------------------------------------------------------------------------------

default_name                                                                    

General flags:
     imin    =       1, nmropt  =       0

Nature and format of input:
     ntx     =       1, irest   =       0, ntrx    =       1

Nature and format of output:
     ntxo    =       2, ntpr    =      50, ntrx    =       1, ntwr    =       1
     iwrap   =       0, ntwx    =       0, ntwv    =       0, ntwe    =       0
     ioutfm  =       1, ntwprt  =       0, idecomp =       0, rbornstat=      0

Potential function:
     ntf     =       1, ntb     =       1, igb     =       0, nsnb    =      25
     ipol    =       0, gbsa    =       0, iesp    =       0
     dielc   =   1.00000, cut     =   9.28700, intdiel =   1.00000

Frozen or restrained atoms:
     ibelly  =       0, ntr     =       0

Energy minimization:
     maxcyc  =    4000, ncyc    =    1000, ntmin   =       1
     dx0     =   0.01000, drms    =   0.00010

Ewald parameters:
     verbose =       0, ew_type =       0, nbflag  =       1, use_pme =       1
     vdwmeth =       1, eedmeth =       1, netfrc  =       0
     Box X =   24.934   Box Y =   23.406   Box Z =   28.564
     Alpha =   90.000   Beta  =   90.000   Gamma =   90.000
     NFFT1 =   24       NFFT2 =   24       NFFT3 =   30
     Cutoff=    9.287   Tol   =0.100E-04
     Ewald Coefficient =  0.29759
     Interpolation order =    4

--------------------------------------------------------------------------------
   3.  ATOMIC COORDINATES AND VELOCITIES
--------------------------------------------------------------------------------

default_name                                                                    
 begin time read from input coords =     0.000 ps

 Number of triangulated 3-point waters found:      432

     Sum of charges from parm topology file =   0.00000000
     Forcing neutrality...

--------------------------------------------------------------------------------
   4.  RESULTS
--------------------------------------------------------------------------------

 ---------------------------------------------------
 APPROXIMATING switch and d/dx switch using CUBIC SPLINE INTERPOLATION
 using   5000.0 points per unit in tabled values
 TESTING RELATIVE ERROR over r ranging from 0.0 to cutoff
| CHECK switch(x): max rel err =   0.2738E-14   at   2.422500
| CHECK d/dx switch(x): max rel err =   0.8314E-11   at   2.736960
 ---------------------------------------------------
| Local SIZE OF NONBOND LIST =     300088
| TOTAL SIZE OF NONBOND LIST =     300088


   NSTEP       ENERGY          RMS            GMAX         NAME    NUMBER
      1      -1.2215E+03     7.4031E+01     1.5654E+02     H1        335

 BOND    =     4266.4685  ANGLE   =        0.0000  DIHED      =        0.0000
 VDWAALS =      925.8190  EEL     =    -6413.8222  HBOND      =        0.0000
 1-4 VDW =        0.0000  1-4 EEL =        0.0000  RESTRAINT  =        0.0000


   NSTEP       ENERGY          RMS            GMAX         NAME    NUMBER
     50      -5.2470E+03     1.8966E+00     4.4206E+00     H2         36

 BOND    =      263.9862  ANGLE   =        0.0000  DIHED      =        0.0000
 VDWAALS =      947.4126  EEL     =    -6458.4199  HBOND      =        0.0000
 1-4 VDW =        0.0000  1-4 EEL =        0.0000  RESTRAINT  =        0.0000


   NSTEP       ENERGY          RMS            GMAX         NAME    NUMBER
    100      -5.2782E+03     1.1277E+00     2.4631E+00     H2        486

 BOND    =      317.1664  ANGLE   =        0.0000  DIHED      =        0.0000
 VDWAALS =      958.1518  EEL     =    -6553.5338  HBOND      =        0.0000
 1-4 VDW =        0.0000  1-4 EEL =        0.0000  RESTRAINT  =        0.0000


   NSTEP       ENERGY          RMS            GMAX         NAME    NUMBER
    150      -5.2912E+03     6.8718E-01     1.8987E+00     O         403

 BOND    =      298.9842  ANGLE   =        0.0000  DIHED      =        0.0000
 VDWAALS =      961.9057  EEL     =    -6552.0920  HBOND      =        0.0000
 1-4 VDW =        0.0000  1-4 EEL =        0.0000  RESTRAINT  =        0.0000


   NSTEP       ENERGY          RMS            GMAX         NAME    NUMBER
    200      -5.3002E+03     3.1692E-01     1.3825E+00     O         403

 BOND    =      314.8697  ANGLE   =        0.0000  DIHED      =        0.0000
 VDWAALS =      963.4647  EEL     =    -6578.5219  HBOND      =        0.0000
 1-4 VDW =        0.0000  1-4 EEL =        0.0000  RESTRAINT  =        0.0000


   NSTEP       ENERGY          RMS            GMAX         NAME    NUMBER
    250      -5.3077E+03     3.6327E-01     1.4139E+00     H2       1251

 BOND    =      318.7072  ANGLE   =        0.0000  DIHED      =        0.0000
 VDWAALS =      964.1573  EEL     =    -6590.5945  HBOND      =        0.0000
 1-4 VDW =        0.0000  1-4 EEL =        0.0000  RESTRAINT  =        0.0000


   NSTEP       ENERGY          RMS            GMAX         NAME    NUMBER
    300      -5.3148E+03     2.5571E-01     1.6729E+00     O         403

 BOND    =      314.8030  ANGLE   =        0.0000  DIHED      =        0.0000
 VDWAALS =      964.3592  EEL     =    -6593.9726  HBOND      =        0.0000
 1-4 VDW =        0.0000  1-4 EEL =        0.0000  RESTRAINT  =        0.0000


   NSTEP       ENERGY          RMS            GMAX         NAME    NUMBER
    350      -5.3216E+03     2.9018E-01     1.7837E+00     O         403

 BOND    =      316.0077  ANGLE   =        0.0000  DIHED      =        0.0000
 VDWAALS =      964.1464  EEL     =    -6601.7838  HBOND      =        0.0000
 1-4 VDW =        0.0000  1-4 EEL =        0.0000  RESTRAINT  =        0.0000


   NSTEP       ENERGY          RMS            GMAX         NAME    NUMBER
    400      -5.3282E+03     7.2740E-01     2.0760E+00     O         403

 BOND    =      311.2479  ANGLE   =        0.0000  DIHED      =        0.0000
 VDWAALS =      963.6790  EEL     =    -6603.1279  HBOND      =        0.0000
 1-4 VDW =        0.0000  1-4 EEL =        0.0000  RESTRAINT  =        0.0000


   NSTEP       ENERGY          RMS            GMAX         NAME    NUMBER
    450      -5.3352E+03     2.2127E-01     1.7465E+00     O         403

 BOND    =      323.3080  ANGLE   =        0.0000  DIHED      =        0.0000
 VDWAALS =      963.0312  EEL     =    -6621.5113  HBOND      =        0.0000
 1-4 VDW =        0.0000  1-4 EEL =        0.0000  RESTRAINT  =        0.0000


   NSTEP       ENERGY          RMS            GMAX         NAME    NUMBER
    500      -5.3418E+03     6.8125E-01     1.9914E+00     H2       1251

 BOND    =      333.2155  ANGLE   =        0.0000  DIHED      =        0.0000
 VDWAALS =      962.4368  EEL     =    -6637.4972  HBOND      =        0.0000
 1-4 VDW =        0.0000  1-4 EEL =        0.0000  RESTRAINT  =        0.0000


   NSTEP       ENERGY          RMS            GMAX         NAME    NUMBER
    550      -5.3486E+03     2.1311E-01     1.5656E+00     H2       1215

 BOND    =      324.8048  ANGLE   =        0.0000  DIHED      =        0.0000
 VDWAALS =      962.2000  EEL     =    -6635.6282  HBOND      =        0.0000
 1-4 VDW =        0.0000  1-4 EEL =        0.0000  RESTRAINT  =        0.0000


   NSTEP       ENERGY          RMS            GMAX         NAME    NUMBER
    600      -5.3548E+03     5.3485E-01     1.4894E+00     H2        666

 BOND    =      320.5898  ANGLE   =        0.0000  DIHED      =        0.0000
 VDWAALS =      962.1740  EEL     =    -6637.5462  HBOND      =        0.0000
 1-4 VDW =        0.0000  1-4 EEL =        0.0000  RESTRAINT  =        0.0000


   NSTEP       ENERGY          RMS            GMAX         NAME    NUMBER
    650      -5.3608E+03     2.3079E-01     1.3786E+00     O         334

 BOND    =      330.4316  ANGLE   =        0.0000  DIHED      =        0.0000
 VDWAALS =      962.0462  EEL     =    -6653.2842  HBOND      =        0.0000
 1-4 VDW =        0.0000  1-4 EEL =        0.0000  RESTRAINT  =        0.0000


   NSTEP       ENERGY          RMS            GMAX         NAME    NUMBER
    700      -5.3664E+03     4.7244E-01     1.4231E+00     H2        738

 BOND    =      336.0907  ANGLE   =        0.0000  DIHED      =        0.0000
 VDWAALS =      961.7250  EEL     =    -6664.2158  HBOND      =        0.0000
 1-4 VDW =        0.0000  1-4 EEL =        0.0000  RESTRAINT  =        0.0000


   NSTEP       ENERGY          RMS            GMAX         NAME    NUMBER
    750      -5.3718E+03     6.5975E-01     2.0300E+00     H2        738

 BOND    =      340.2311  ANGLE   =        0.0000  DIHED      =        0.0000
 VDWAALS =      961.1309  EEL     =    -6673.1828  HBOND      =        0.0000
 1-4 VDW =        0.0000  1-4 EEL =        0.0000  RESTRAINT  =        0.0000


   NSTEP       ENERGY          RMS            GMAX         NAME    NUMBER
    800      -5.3775E+03     1.9930E-01     1.0639E+00     O         427

 BOND    =      331.7169  ANGLE   =        0.0000  DIHED      =        0.0000
 VDWAALS =      960.3353  EEL     =    -6669.5373  HBOND      =        0.0000
 1-4 VDW =        0.0000  1-4 EEL =        0.0000  RESTRAINT  =        0.0000


   NSTEP       ENERGY          RMS            GMAX         NAME    NUMBER
    850      -5.3828E+03     5.6481E-01     1.7755E+00     H2        564

 BOND    =      326.7764  ANGLE   =        0.0000  DIHED      =        0.0000
 VDWAALS =      959.1842  EEL     =    -6668.7200  HBOND      =        0.0000
 1-4 VDW =        0.0000  1-4 EEL =        0.0000  RESTRAINT  =        0.0000


   NSTEP       ENERGY          RMS            GMAX         NAME    NUMBER
    900      -5.3882E+03     2.6209E-01     1.1567E+00     O         427

 BOND    =      337.4103  ANGLE   =        0.0000  DIHED      =        0.0000
 VDWAALS =      957.5779  EEL     =    -6683.2327  HBOND      =        0.0000
 1-4 VDW =        0.0000  1-4 EEL =        0.0000  RESTRAINT  =        0.0000


   NSTEP       ENERGY          RMS            GMAX         NAME    NUMBER
    950      -5.3936E+03     4.9340E-01     1.6128E+00     H1        680

 BOND    =      342.2339  ANGLE   =        0.0000  DIHED      =        0.0000
 VDWAALS =      955.5963  EEL     =    -6691.4719  HBOND      =        0.0000
 1-4 VDW =        0.0000  1-4 EEL =        0.0000  RESTRAINT  =        0.0000


   NSTEP       ENERGY          RMS            GMAX         NAME    NUMBER
   1000      -5.3988E+03     7.1096E-01     2.3569E+00     H1        680

 BOND    =      346.4427  ANGLE   =        0.0000  DIHED      =        0.0000
 VDWAALS =      953.4025  EEL     =    -6698.6579  HBOND      =        0.0000
 1-4 VDW =        0.0000  1-4 EEL =        0.0000  RESTRAINT  =        0.0000


   NSTEP       ENERGY          RMS            GMAX         NAME    NUMBER
   1050      -5.4819E+03     3.6364E-01     6.9394E+00     O          16

 BOND    =      360.6404  ANGLE   =        0.0000  DIHED      =        0.0000
 VDWAALS =      965.0693  EEL     =    -6807.6362  HBOND      =        0.0000
 1-4 VDW =        0.0000  1-4 EEL =        0.0000  RESTRAINT  =        0.0000


   NSTEP       ENERGY          RMS            GMAX         NAME    NUMBER
   1100      -5.5087E+03     5.8911E-01     7.9214E+00     O         448

 BOND    =      365.6057  ANGLE   =        0.0000  DIHED      =        0.0000
 VDWAALS =      964.3035  EEL     =    -6838.5609  HBOND      =        0.0000
 1-4 VDW =        0.0000  1-4 EEL =        0.0000  RESTRAINT  =        0.0000


   NSTEP       ENERGY          RMS            GMAX         NAME    NUMBER
   1150      -5.5278E+03     4.3020E-01     4.3730E+00     H1        758

 BOND    =      368.6022  ANGLE   =        0.0000  DIHED      =        0.0000
 VDWAALS =      968.5948  EEL     =    -6865.0183  HBOND      =        0.0000
 1-4 VDW =        0.0000  1-4 EEL =        0.0000  RESTRAINT  =        0.0000


   NSTEP       ENERGY          RMS            GMAX         NAME    NUMBER
   1200      -5.5508E+03     4.0793E-01     4.7927E+00     O         424

 BOND    =      374.1969  ANGLE   =        0.0000  DIHED      =        0.0000
 VDWAALS =      977.3311  EEL     =    -6902.3300  HBOND      =        0.0000
 1-4 VDW =        0.0000  1-4 EEL =        0.0000  RESTRAINT  =        0.0000


   NSTEP       ENERGY          RMS            GMAX         NAME    NUMBER
   1250      -5.5630E+03     5.7612E-01     6.9622E+00     H2        429

 BOND    =      374.0805  ANGLE   =        0.0000  DIHED      =        0.0000
 VDWAALS =      982.7761  EEL     =    -6919.8833  HBOND      =        0.0000
 1-4 VDW =        0.0000  1-4 EEL =        0.0000  RESTRAINT  =        0.0000


   NSTEP       ENERGY          RMS            GMAX         NAME    NUMBER
   1300      -5.5878E+03     3.9855E-01     7.9563E+00     O         427

 BOND    =      378.6016  ANGLE   =        0.0000  DIHED      =        0.0000
 VDWAALS =      990.4508  EEL     =    -6956.8570  HBOND      =        0.0000
 1-4 VDW =        0.0000  1-4 EEL =        0.0000  RESTRAINT  =        0.0000


   NSTEP       ENERGY          RMS            GMAX         NAME    NUMBER
   1350      -5.6135E+03     2.3745E-01     3.2725E+00     O         103

 BOND    =      386.7855  ANGLE   =        0.0000  DIHED      =        0.0000
 VDWAALS =     1006.2347  EEL     =    -7006.5108  HBOND      =        0.0000
 1-4 VDW =        0.0000  1-4 EEL =        0.0000  RESTRAINT  =        0.0000


   NSTEP       ENERGY          RMS            GMAX         NAME    NUMBER
   1400      -5.6312E+03     4.0890E-01     4.4828E+00     O          16

 BOND    =      395.1885  ANGLE   =        0.0000  DIHED      =        0.0000
 VDWAALS =     1012.0101  EEL     =    -7038.4428  HBOND      =        0.0000
 1-4 VDW =        0.0000  1-4 EEL =        0.0000  RESTRAINT  =        0.0000


   NSTEP       ENERGY          RMS            GMAX         NAME    NUMBER
   1450      -5.6413E+03     2.6629E-01     3.0785E+00     H1       1190

 BOND    =      394.5446  ANGLE   =        0.0000  DIHED      =        0.0000
 VDWAALS =     1017.5149  EEL     =    -7053.3630  HBOND      =        0.0000
 1-4 VDW =        0.0000  1-4 EEL =        0.0000  RESTRAINT  =        0.0000


   NSTEP       ENERGY          RMS            GMAX         NAME    NUMBER
   1500      -5.6556E+03     1.7087E+00     1.9303E+01     O         949

 BOND    =      391.5336  ANGLE   =        0.0000  DIHED      =        0.0000
 VDWAALS =     1024.7933  EEL     =    -7071.9522  HBOND      =        0.0000
 1-4 VDW =        0.0000  1-4 EEL =        0.0000  RESTRAINT  =        0.0000


   NSTEP       ENERGY          RMS            GMAX         NAME    NUMBER
   1550      -5.6656E+03     2.7496E+00     4.0603E+01     H2        105

 BOND    =      421.8972  ANGLE   =        0.0000  DIHED      =        0.0000
 VDWAALS =     1038.9016  EEL     =    -7126.3756  HBOND      =        0.0000
 1-4 VDW =        0.0000  1-4 EEL =        0.0000  RESTRAINT  =        0.0000


   NSTEP       ENERGY          RMS            GMAX         NAME    NUMBER
   1600      -5.6863E+03     5.9202E-01     6.8964E+00     H1        428

 BOND    =      397.4631  ANGLE   =        0.0000  DIHED      =        0.0000
 VDWAALS =     1036.5741  EEL     =    -7120.2978  HBOND      =        0.0000
 1-4 VDW =        0.0000  1-4 EEL =        0.0000  RESTRAINT  =        0.0000


   NSTEP       ENERGY          RMS            GMAX         NAME    NUMBER
   1650      -5.6944E+03     7.9549E-01     7.8217E+00     O           4

 BOND    =      413.5353  ANGLE   =        0.0000  DIHED      =        0.0000
 VDWAALS =     1037.4951  EEL     =    -7145.4775  HBOND      =        0.0000
 1-4 VDW =        0.0000  1-4 EEL =        0.0000  RESTRAINT  =        0.0000


   NSTEP       ENERGY          RMS            GMAX         NAME    NUMBER
   1700      -5.7015E+03     4.1468E-01     5.7775E+00     O         103

 BOND    =      408.7183  ANGLE   =        0.0000  DIHED      =        0.0000
 VDWAALS =     1041.3893  EEL     =    -7151.6333  HBOND      =        0.0000
 1-4 VDW =        0.0000  1-4 EEL =        0.0000  RESTRAINT  =        0.0000


   NSTEP       ENERGY          RMS            GMAX         NAME    NUMBER
   1750      -5.7058E+03     2.6158E-01     2.8763E+00     H2        105

 BOND    =      410.2490  ANGLE   =        0.0000  DIHED      =        0.0000
 VDWAALS =     1046.8519  EEL     =    -7162.8895  HBOND      =        0.0000
 1-4 VDW =        0.0000  1-4 EEL =        0.0000  RESTRAINT  =        0.0000


   NSTEP       ENERGY          RMS            GMAX         NAME    NUMBER
   1800      -5.7099E+03     1.4766E-01     1.3318E+00     H2        105

 BOND    =      415.2752  ANGLE   =        0.0000  DIHED      =        0.0000
 VDWAALS =     1057.2788  EEL     =    -7182.4795  HBOND      =        0.0000
 1-4 VDW =        0.0000  1-4 EEL =        0.0000  RESTRAINT  =        0.0000


   NSTEP       ENERGY          RMS            GMAX         NAME    NUMBER
   1850      -5.7141E+03     8.6692E-02     6.4817E-01     H1        875

 BOND    =      420.1395  ANGLE   =        0.0000  DIHED      =        0.0000
 VDWAALS =     1077.1913  EEL     =    -7211.3903  HBOND      =        0.0000
 1-4 VDW =        0.0000  1-4 EEL =        0.0000  RESTRAINT  =        0.0000


   NSTEP       ENERGY          RMS            GMAX         NAME    NUMBER
   1900      -5.7159E+03     1.7362E-01     1.0257E+00     O         103

 BOND    =      420.1121  ANGLE   =        0.0000  DIHED      =        0.0000
 VDWAALS =     1087.5054  EEL     =    -7223.4958  HBOND      =        0.0000
 1-4 VDW =        0.0000  1-4 EEL =        0.0000  RESTRAINT  =        0.0000


   NSTEP       ENERGY          RMS            GMAX         NAME    NUMBER
   1950      -5.7167E+03     4.0193E-01     2.8166E+00     H1        428

 BOND    =      427.2383  ANGLE   =        0.0000  DIHED      =        0.0000
 VDWAALS =     1093.3818  EEL     =    -7237.3410  HBOND      =        0.0000
 1-4 VDW =        0.0000  1-4 EEL =        0.0000  RESTRAINT  =        0.0000


   NSTEP       ENERGY          RMS            GMAX         NAME    NUMBER
   2000      -5.7175E+03     2.6115E-01     2.5222E+00     H2        876

 BOND    =      430.8972  ANGLE   =        0.0000  DIHED      =        0.0000
 VDWAALS =     1099.1853  EEL     =    -7247.6134  HBOND      =        0.0000
 1-4 VDW =        0.0000  1-4 EEL =        0.0000  RESTRAINT  =        0.0000


   NSTEP       ENERGY          RMS            GMAX         NAME    NUMBER
   2050      -5.7188E+03     2.3462E-01     5.3789E+00     H1         20

 BOND    =      431.7409  ANGLE   =        0.0000  DIHED      =        0.0000
 VDWAALS =     1112.2642  EEL     =    -7262.8151  HBOND      =        0.0000
 1-4 VDW =        0.0000  1-4 EEL =        0.0000  RESTRAINT  =        0.0000


   NSTEP       ENERGY          RMS            GMAX         NAME    NUMBER
   2100      -5.7189E+03     1.2244E+00     1.9536E+01     H1        125

 BOND    =      446.5023  ANGLE   =        0.0000  DIHED      =        0.0000
 VDWAALS =     1119.1183  EEL     =    -7284.4855  HBOND      =        0.0000
 1-4 VDW =        0.0000  1-4 EEL =        0.0000  RESTRAINT  =        0.0000


   NSTEP       ENERGY          RMS            GMAX         NAME    NUMBER
   2150      -5.7203E+03     3.0396E-02     3.0914E-01     H1         20

 BOND    =      433.8121  ANGLE   =        0.0000  DIHED      =        0.0000
 VDWAALS =     1118.2364  EEL     =    -7272.3325  HBOND      =        0.0000
 1-4 VDW =        0.0000  1-4 EEL =        0.0000  RESTRAINT  =        0.0000


   NSTEP       ENERGY          RMS            GMAX         NAME    NUMBER
   2200      -5.7205E+03     1.0707E-01     1.8998E+00     H2         21

 BOND    =      434.8510  ANGLE   =        0.0000  DIHED      =        0.0000
 VDWAALS =     1118.4480  EEL     =    -7273.7624  HBOND      =        0.0000
 1-4 VDW =        0.0000  1-4 EEL =        0.0000  RESTRAINT  =        0.0000


   NSTEP       ENERGY          RMS            GMAX         NAME    NUMBER
   2250      -5.7205E+03     2.9410E-02     2.6932E-01     O          19

 BOND    =      433.9872  ANGLE   =        0.0000  DIHED      =        0.0000
 VDWAALS =     1118.7170  EEL     =    -7273.2430  HBOND      =        0.0000
 1-4 VDW =        0.0000  1-4 EEL =        0.0000  RESTRAINT  =        0.0000


   NSTEP       ENERGY          RMS            GMAX         NAME    NUMBER
   2300      -5.7211E+03     2.9985E-02     4.3283E-01     H1         20

 BOND    =      435.3441  ANGLE   =        0.0000  DIHED      =        0.0000
 VDWAALS =     1120.2565  EEL     =    -7276.6860  HBOND      =        0.0000
 1-4 VDW =        0.0000  1-4 EEL =        0.0000  RESTRAINT  =        0.0000


   NSTEP       ENERGY          RMS            GMAX         NAME    NUMBER
   2350      -5.7211E+03     2.0568E-02     2.0707E-01     O         949

 BOND    =      435.6639  ANGLE   =        0.0000  DIHED      =        0.0000
 VDWAALS =     1120.3408  EEL     =    -7277.1016  HBOND      =        0.0000
 1-4 VDW =        0.0000  1-4 EEL =        0.0000  RESTRAINT  =        0.0000


   NSTEP       ENERGY          RMS            GMAX         NAME    NUMBER
   2400      -5.7211E+03     1.3828E-02     2.4711E-01     H1         20

 BOND    =      435.6366  ANGLE   =        0.0000  DIHED      =        0.0000
 VDWAALS =     1120.3489  EEL     =    -7277.1035  HBOND      =        0.0000
 1-4 VDW =        0.0000  1-4 EEL =        0.0000  RESTRAINT  =        0.0000


   NSTEP       ENERGY          RMS            GMAX         NAME    NUMBER
   2450      -5.7212E+03     3.2323E-02     4.5292E-01     O        1078

 BOND    =      435.9178  ANGLE   =        0.0000  DIHED      =        0.0000
 VDWAALS =     1120.4487  EEL     =    -7277.5454  HBOND      =        0.0000
 1-4 VDW =        0.0000  1-4 EEL =        0.0000  RESTRAINT  =        0.0000


   NSTEP       ENERGY          RMS            GMAX         NAME    NUMBER
   2500      -5.7212E+03     3.0207E-02     4.2214E-01     H1         20

 BOND    =      435.8094  ANGLE   =        0.0000  DIHED      =        0.0000
 VDWAALS =     1120.4694  EEL     =    -7277.4757  HBOND      =        0.0000
 1-4 VDW =        0.0000  1-4 EEL =        0.0000  RESTRAINT  =        0.0000


   NSTEP       ENERGY          RMS            GMAX         NAME    NUMBER
   2550      -5.7213E+03     2.3439E-02     3.8341E-01     O        1195

 BOND    =      436.2293  ANGLE   =        0.0000  DIHED      =        0.0000
 VDWAALS =     1120.4250  EEL     =    -7277.9073  HBOND      =        0.0000
 1-4 VDW =        0.0000  1-4 EEL =        0.0000  RESTRAINT  =        0.0000


   NSTEP       ENERGY          RMS            GMAX         NAME    NUMBER
   2600      -5.7215E+03     2.9544E-02     3.2438E-01     H2         21

 BOND    =      436.7593  ANGLE   =        0.0000  DIHED      =        0.0000
 VDWAALS =     1120.4962  EEL     =    -7278.7238  HBOND      =        0.0000
 1-4 VDW =        0.0000  1-4 EEL =        0.0000  RESTRAINT  =        0.0000


   NSTEP       ENERGY          RMS            GMAX         NAME    NUMBER
   2650      -5.7215E+03     1.2803E-02     1.3976E-01     H1         20

 BOND    =      436.6194  ANGLE   =        0.0000  DIHED      =        0.0000
 VDWAALS =     1120.4623  EEL     =    -7278.5682  HBOND      =        0.0000
 1-4 VDW =        0.0000  1-4 EEL =        0.0000  RESTRAINT  =        0.0000


   NSTEP       ENERGY          RMS            GMAX         NAME    NUMBER
   2700      -5.7215E+03     8.8826E-02     1.1562E+00     H1         20

 BOND    =      436.7753  ANGLE   =        0.0000  DIHED      =        0.0000
 VDWAALS =     1120.3196  EEL     =    -7278.6128  HBOND      =        0.0000
 1-4 VDW =        0.0000  1-4 EEL =        0.0000  RESTRAINT  =        0.0000


   NSTEP       ENERGY          RMS            GMAX         NAME    NUMBER
   2750      -5.7215E+03     6.9244E-02     1.2932E+00     O        1132

 BOND    =      436.7313  ANGLE   =        0.0000  DIHED      =        0.0000
 VDWAALS =     1120.2105  EEL     =    -7278.4717  HBOND      =        0.0000
 1-4 VDW =        0.0000  1-4 EEL =        0.0000  RESTRAINT  =        0.0000

     ... RESTARTED DUE TO LINMIN FAILURE ...


   NSTEP       ENERGY          RMS            GMAX         NAME    NUMBER
   2800      -5.7215E+03     1.4927E-02     1.7112E-01     O        1132

 BOND    =      436.8003  ANGLE   =        0.0000  DIHED      =        0.0000
 VDWAALS =     1120.2545  EEL     =    -7278.5967  HBOND      =        0.0000
 1-4 VDW =        0.0000  1-4 EEL =        0.0000  RESTRAINT  =        0.0000

     ... RESTARTED DUE TO LINMIN FAILURE ...


   NSTEP       ENERGY          RMS            GMAX         NAME    NUMBER
   2850      -5.7215E+03     2.8052E-02     6.4953E-01     H1         20

 BOND    =      436.9549  ANGLE   =        0.0000  DIHED      =        0.0000
 VDWAALS =     1120.2403  EEL     =    -7278.7368  HBOND      =        0.0000
 1-4 VDW =        0.0000  1-4 EEL =        0.0000  RESTRAINT  =        0.0000


   NSTEP       ENERGY          RMS            GMAX         NAME    NUMBER
   2900      -5.7218E+03     1.9509E-01     2.9139E+00     O        1132

 BOND    =      439.4205  ANGLE   =        0.0000  DIHED      =        0.0000
 VDWAALS =     1118.3122  EEL     =    -7279.5226  HBOND      =        0.0000
 1-4 VDW =        0.0000  1-4 EEL =        0.0000  RESTRAINT  =        0.0000


   NSTEP       ENERGY          RMS            GMAX         NAME    NUMBER
   2950      -5.7219E+03     1.6406E-02     1.5408E-01     H2         21

 BOND    =      438.0590  ANGLE   =        0.0000  DIHED      =        0.0000
 VDWAALS =     1118.2947  EEL     =    -7278.2267  HBOND      =        0.0000
 1-4 VDW =        0.0000  1-4 EEL =        0.0000  RESTRAINT  =        0.0000


   NSTEP       ENERGY          RMS            GMAX         NAME    NUMBER
   3000      -5.7219E+03     1.3715E-02     2.5280E-01     H1        128

 BOND    =      438.0525  ANGLE   =        0.0000  DIHED      =        0.0000
 VDWAALS =     1118.2185  EEL     =    -7278.1502  HBOND      =        0.0000
 1-4 VDW =        0.0000  1-4 EEL =        0.0000  RESTRAINT  =        0.0000


   NSTEP       ENERGY          RMS            GMAX         NAME    NUMBER
   3050      -5.7219E+03     1.3722E-02     1.7339E-01     H1         20

 BOND    =      437.9432  ANGLE   =        0.0000  DIHED      =        0.0000
 VDWAALS =     1117.9776  EEL     =    -7277.8184  HBOND      =        0.0000
 1-4 VDW =        0.0000  1-4 EEL =        0.0000  RESTRAINT  =        0.0000


   NSTEP       ENERGY          RMS            GMAX         NAME    NUMBER
   3100      -5.7219E+03     1.4525E-02     3.5876E-01     O          19

 BOND    =      437.9239  ANGLE   =        0.0000  DIHED      =        0.0000
 VDWAALS =     1117.8548  EEL     =    -7277.6891  HBOND      =        0.0000
 1-4 VDW =        0.0000  1-4 EEL =        0.0000  RESTRAINT  =        0.0000


   NSTEP       ENERGY          RMS            GMAX         NAME    NUMBER
   3150      -5.7219E+03     1.0247E-02     2.1743E-01     H2         21

 BOND    =      437.9879  ANGLE   =        0.0000  DIHED      =        0.0000
 VDWAALS =     1117.7999  EEL     =    -7277.7008  HBOND      =        0.0000
 1-4 VDW =        0.0000  1-4 EEL =        0.0000  RESTRAINT  =        0.0000


   NSTEP       ENERGY          RMS            GMAX         NAME    NUMBER
   3200      -5.7219E+03     9.8487E-03     1.7727E-01     O          19

 BOND    =      438.0254  ANGLE   =        0.0000  DIHED      =        0.0000
 VDWAALS =     1117.6713  EEL     =    -7277.6173  HBOND      =        0.0000
 1-4 VDW =        0.0000  1-4 EEL =        0.0000  RESTRAINT  =        0.0000


   NSTEP       ENERGY          RMS            GMAX         NAME    NUMBER
   3250      -5.7219E+03     4.7299E-02     6.8132E-01     O           1

 BOND    =      438.0675  ANGLE   =        0.0000  DIHED      =        0.0000
 VDWAALS =     1117.0629  EEL     =    -7277.0613  HBOND      =        0.0000
 1-4 VDW =        0.0000  1-4 EEL =        0.0000  RESTRAINT  =        0.0000


   NSTEP       ENERGY          RMS            GMAX         NAME    NUMBER
   3300      -5.7219E+03     1.9250E-02     2.1370E-01     H1        125

 BOND    =      438.1145  ANGLE   =        0.0000  DIHED      =        0.0000
 VDWAALS =     1117.0492  EEL     =    -7277.1054  HBOND      =        0.0000
 1-4 VDW =        0.0000  1-4 EEL =        0.0000  RESTRAINT  =        0.0000


   NSTEP       ENERGY          RMS            GMAX         NAME    NUMBER
   3350      -5.7219E+03     9.2719E-03     9.2743E-02     H1         23

 BOND    =      438.0958  ANGLE   =        0.0000  DIHED      =        0.0000
 VDWAALS =     1116.9978  EEL     =    -7277.0338  HBOND      =        0.0000
 1-4 VDW =        0.0000  1-4 EEL =        0.0000  RESTRAINT  =        0.0000


   NSTEP       ENERGY          RMS            GMAX         NAME    NUMBER
   3400      -5.7219E+03     1.3645E-02     1.3993E-01     H1         23

 BOND    =      438.1462  ANGLE   =        0.0000  DIHED      =        0.0000
 VDWAALS =     1116.9591  EEL     =    -7277.0451  HBOND      =        0.0000
 1-4 VDW =        0.0000  1-4 EEL =        0.0000  RESTRAINT  =        0.0000


   NSTEP       ENERGY          RMS            GMAX         NAME    NUMBER
   3450      -5.7219E+03     6.6323E-03     8.2932E-02     O        1057

 BOND    =      438.0199  ANGLE   =        0.0000  DIHED      =        0.0000
 VDWAALS =     1116.9220  EEL     =    -7276.8817  HBOND      =        0.0000
 1-4 VDW =        0.0000  1-4 EEL =        0.0000  RESTRAINT  =        0.0000


   NSTEP       ENERGY          RMS            GMAX         NAME    NUMBER
   3500      -5.7219E+03     1.3819E-02     1.4534E-01     O        1045

 BOND    =      438.1222  ANGLE   =        0.0000  DIHED      =        0.0000
 VDWAALS =     1116.8873  EEL     =    -7276.9487  HBOND      =        0.0000
 1-4 VDW =        0.0000  1-4 EEL =        0.0000  RESTRAINT  =        0.0000


   NSTEP       ENERGY          RMS            GMAX         NAME    NUMBER
   3550      -5.7220E+03     3.6076E-03     2.9426E-02     H2        405

 BOND    =      438.1147  ANGLE   =        0.0000  DIHED      =        0.0000
 VDWAALS =     1115.1319  EEL     =    -7275.2371  HBOND      =        0.0000
 1-4 VDW =        0.0000  1-4 EEL =        0.0000  RESTRAINT  =        0.0000


   NSTEP       ENERGY          RMS            GMAX         NAME    NUMBER
   3600      -5.7220E+03     1.0349E-02     1.2719E-01     H1         23

 BOND    =      438.0705  ANGLE   =        0.0000  DIHED      =        0.0000
 VDWAALS =     1115.0360  EEL     =    -7275.0997  HBOND      =        0.0000
 1-4 VDW =        0.0000  1-4 EEL =        0.0000  RESTRAINT  =        0.0000


   NSTEP       ENERGY          RMS            GMAX         NAME    NUMBER
   3650      -5.7220E+03     5.7506E-03     6.5674E-02     O         772

 BOND    =      438.1889  ANGLE   =        0.0000  DIHED      =        0.0000
 VDWAALS =     1114.0750  EEL     =    -7274.2707  HBOND      =        0.0000
 1-4 VDW =        0.0000  1-4 EEL =        0.0000  RESTRAINT  =        0.0000


   NSTEP       ENERGY          RMS            GMAX         NAME    NUMBER
   3700      -5.7220E+03     4.6197E-03     3.1137E-02     H1        404

 BOND    =      438.1961  ANGLE   =        0.0000  DIHED      =        0.0000
 VDWAALS =     1113.8092  EEL     =    -7274.0208  HBOND      =        0.0000
 1-4 VDW =        0.0000  1-4 EEL =        0.0000  RESTRAINT  =        0.0000


   NSTEP       ENERGY          RMS            GMAX         NAME    NUMBER
   3750      -5.7220E+03     4.1519E-03     1.8650E-02     H1         23

 BOND    =      438.1501  ANGLE   =        0.0000  DIHED      =        0.0000
 VDWAALS =     1113.7950  EEL     =    -7273.9575  HBOND      =        0.0000
 1-4 VDW =        0.0000  1-4 EEL =        0.0000  RESTRAINT  =        0.0000


   NSTEP       ENERGY          RMS            GMAX         NAME    NUMBER
   3800      -5.7220E+03     3.2388E-03     2.9470E-02     H2         24

 BOND    =      438.1843  ANGLE   =        0.0000  DIHED      =        0.0000
 VDWAALS =     1113.6651  EEL     =    -7273.8622  HBOND      =        0.0000
 1-4 VDW =        0.0000  1-4 EEL =        0.0000  RESTRAINT  =        0.0000


   NSTEP       ENERGY          RMS            GMAX         NAME    NUMBER
   3850      -5.7220E+03     3.6302E-03     2.4694E-02     H1         20

 BOND    =      438.1880  ANGLE   =        0.0000  DIHED      =        0.0000
 VDWAALS =     1113.6351  EEL     =    -7273.8358  HBOND      =        0.0000
 1-4 VDW =        0.0000  1-4 EEL =        0.0000  RESTRAINT  =        0.0000


   NSTEP       ENERGY          RMS            GMAX         NAME    NUMBER
   3900      -5.7220E+03     7.1131E-03     1.0564E-01     O        1288

 BOND    =      438.1879  ANGLE   =        0.0000  DIHED      =        0.0000
 VDWAALS =     1113.5729  EEL     =    -7273.7759  HBOND      =        0.0000
 1-4 VDW =        0.0000  1-4 EEL =        0.0000  RESTRAINT  =        0.0000


   NSTEP       ENERGY          RMS            GMAX         NAME    NUMBER
   3950      -5.7221E+03     8.9219E-02     1.5387E+00     H2         24

 BOND    =      438.4754  ANGLE   =        0.0000  DIHED      =        0.0000
 VDWAALS =     1111.2752  EEL     =    -7271.8324  HBOND      =        0.0000
 1-4 VDW =        0.0000  1-4 EEL =        0.0000  RESTRAINT  =        0.0000


   NSTEP       ENERGY          RMS            GMAX         NAME    NUMBER
   4000      -5.7221E+03     5.2527E-03     1.1880E-01     O        1288

 BOND    =      438.3295  ANGLE   =        0.0000  DIHED      =        0.0000
 VDWAALS =     1111.3153  EEL     =    -7271.7426  HBOND      =        0.0000
 1-4 VDW =        0.0000  1-4 EEL =        0.0000  RESTRAINT  =        0.0000


  Maximum number of minimization cycles reached.


                    FINAL RESULTS



   NSTEP       ENERGY          RMS            GMAX         NAME    NUMBER
   4000      -5.7221E+03     5.2527E-03     1.1880E-01     O        1288

 BOND    =      438.3295  ANGLE   =        0.0000  DIHED      =        0.0000
 VDWAALS =     1111.3153  EEL     =    -7271.7426  HBOND      =        0.0000
 1-4 VDW =        0.0000  1-4 EEL =        0.0000  RESTRAINT  =        0.0000

--------------------------------------------------------------------------------
   5.  TIMINGS
--------------------------------------------------------------------------------

|                Build the list             0.14 (63.70% of List )
|                Other                      0.08 (36.30% of List )
|             List time                  0.22 ( 0.41% of Nonbo)
|                   Short_ene time            43.58 (99.44% of Direc)
|                   Other                      0.25 ( 0.56% of Direc)
|                Direct Ewald time         43.82 (84.31% of Ewald)
|                Adjust Ewald time          0.25 ( 0.48% of Ewald)
|                Self Ewald time            0.01 ( 0.02% of Ewald)
|                   Fill Bspline coeffs        0.35 ( 4.53% of Recip)
|                   Fill charge grid           1.02 (13.03% of Recip)
|                   Scalar sum                 1.60 (20.46% of Recip)
|                   Grad sum                   1.67 (21.35% of Recip)
|                   FFT time                   3.16 (40.41% of Recip)
|                   Other                      0.02 ( 0.22% of Recip)
|                Recip Ewald time           7.82 (15.05% of Ewald)
|                Force Adjust               0.00 ( 0.01% of Ewald)
|                Virial junk                0.03 ( 0.06% of Ewald)
|                Start synchronizatio       0.00 ( 0.01% of Ewald)
|                Other                      0.04 ( 0.07% of Ewald)
|             Ewald time                51.98 (99.54% of Nonbo)
|             IPS excludes               0.00 ( 0.01% of Nonbo)
|             Other                      0.02 ( 0.04% of Nonbo)
|          Nonbond force             52.22 (99.68% of Force)
|          Bond/Angle/Dihedral        0.12 ( 0.23% of Force)
|          Other                      0.04 ( 0.09% of Force)
|       Force time                52.38 (100.0% of Runmd)
|    Runmd Time                52.38 (89.90% of Total)
|    Other                      5.88 (10.09% of Total)
| Total time                58.27 (100.0% of ALL  )

| Number of list builds   :         12

| Highest rstack allocated:      77830
| Highest istack allocated:       1296
|           Job began  at 18:43:44.149  on 06/15/2018
|           Setup done at 18:43:44.183  on 06/15/2018
|           Run   done at 18:44:42.417  on 06/15/2018
|     wallclock() was called  152072 times

|3D-RISM memory allocation summary
|Type          Maximum        Current   
|Integer       0.00000 GB     0.00000 GB
|Real          0.00000 GB     0.00000 GB
|Logical       0.00000 GB     0.00000 GB
|Character     0.00000 GB     0.00000 GB
|---------------------------------------
|Total         0.00000 GB     0.00000 GB
