
          -------------------------------------------------------
          Amber 18 SANDER                              2018
          -------------------------------------------------------

| Run on 08/07/2018 at 19:24:50

|   Executable path: /mnt/c/Users/detlab/Bin/amber18/bin/sander
| Working directory: /mnt/c/Users/detlab/Documents/Water-model/Water-Amber-Lab/Amber-Lab
|          Hostname: Unknown
  [-O]verwriting output

File Assignments:
|  MDIN: 4_md.in                                                               
| MDOUT: wat_md.out                                                            
|INPCRD: wat_equil.rst                                                         
|  PARM: wat.prmtop                                                            
|RESTRT: wat_md.rst                                                            
|  REFC: refc                                                                  
| MDVEL: mdvel                                                                 
| MDFRC: mdfrc                                                                 
|  MDEN: mden                                                                  
| MDCRD: water.mdcrd                                                           
|MDINFO: mdinfo                                                                
|  MTMD: mtmd                                                                  
|INPDIP: inpdip                                                                
|RSTDIP: rstdip                                                                
|INPTRA: inptraj                                                               


 Here is the input file:

Step 4: Run production, saving to trajectory file every 1 fs. IMPORTANT: Change tempi and temp0 before running! Simulation time: 20 ps
 &cntrl                                                                        
  imin = 0, irest = 1, ntx = 7,                                                
  ntb = 2, pres0 = 1.0, ntp = 1,                                               
  taup = 2.0,                                                                  
  cut = 9.287, ntr = 0,                                                        
  ntc = 2, ntf = 2,                                                            
  tempi = 300.0, temp0 = 300.0,                                                
  ntt = 3, gamma_ln = 1.0,                                                     
  nstlim = 20000, dt = 0.001,                                                  
  ntpr = 100, ntwx = 1, ntwr = 1000                                            
 /                                                                             

--------------------------------------------------------------------------------
   1.  RESOURCE   USE: 
--------------------------------------------------------------------------------

| Flags:                                                                        
 getting box info from netcdf restart file
| NetCDF restart box info found
|Largest sphere to fit in unit cell has radius =    11.380
| New format PARM file being parsed.
| Version =    1.000 Date = 06/15/18 Time = 18:36:46
 NATOM  =    1296 NTYPES =       2 NBONH =    1296 MBONA  =       0
 NTHETH =       0 MTHETA =       0 NPHIH =       0 MPHIA  =       0
 NHPARM =       0 NPARM  =       0 NNB   =    1728 NRES   =     432
 NBONA  =       0 NTHETA =       0 NPHIA =       0 NUMBND =       2
 NUMANG =       0 NPTRA  =       0 NATYP =       2 NPHB   =       1
 IFBOX  =       1 NMXRS  =       3 IFCAP =       0 NEXTRA =       0
 NCOPY  =       0


|     Memory Use     Allocated
|     Real              171846
|     Hollerith           4322
|     Integer            49385
|     Max Pairs         621182
|     nblistReal         15552
|     nblist Int         51617
|       Total             4301 kbytes

| Note: 1-4 EEL scale factors are being read from the topology file.

| Note: 1-4 VDW scale factors are being read from the topology file.
| Duplicated    0 dihedrals
| Duplicated    0 dihedrals

     BOX TYPE: RECTILINEAR

--------------------------------------------------------------------------------
   2.  CONTROL  DATA  FOR  THE  RUN
--------------------------------------------------------------------------------

default_name                                                                    

General flags:
     imin    =       0, nmropt  =       0

Nature and format of input:
     ntx     =       7, irest   =       1, ntrx    =       1

Nature and format of output:
     ntxo    =       2, ntpr    =     100, ntrx    =       1, ntwr    =    1000
     iwrap   =       0, ntwx    =       1, ntwv    =       0, ntwe    =       0
     ioutfm  =       1, ntwprt  =       0, idecomp =       0, rbornstat=      0

Potential function:
     ntf     =       2, ntb     =       2, igb     =       0, nsnb    =      25
     ipol    =       0, gbsa    =       0, iesp    =       0
     dielc   =   1.00000, cut     =   9.28700, intdiel =   1.00000

Frozen or restrained atoms:
     ibelly  =       0, ntr     =       0

Molecular dynamics:
     nstlim  =     20000, nscm    =      1000, nrespa  =         1
     t       =   0.00000, dt      =   0.00100, vlimit  =  20.00000

Langevin dynamics temperature regulation:
     ig      =   71277
     temp0   = 300.00000, tempi   = 300.00000, gamma_ln=   1.00000

Pressure regulation:
     ntp     =       1
     pres0   =   1.00000, comp    =  44.60000, taup    =   2.00000

SHAKE:
     ntc     =       2, jfastw  =       0
     tol     =   0.00001

Ewald parameters:
     verbose =       0, ew_type =       0, nbflag  =       1, use_pme =       1
     vdwmeth =       1, eedmeth =       1, netfrc  =       1
     Box X =   24.245   Box Y =   22.760   Box Z =   27.775
     Alpha =   90.000   Beta  =   90.000   Gamma =   90.000
     NFFT1 =   24       NFFT2 =   24       NFFT3 =   27
     Cutoff=    9.287   Tol   =0.100E-04
     Ewald Coefficient =  0.29759
     Interpolation order =    4
|  INFO: Old style inpcrd file read


--------------------------------------------------------------------------------
   3.  ATOMIC COORDINATES AND VELOCITIES
--------------------------------------------------------------------------------

default_name                                                                    
 begin time read from input coords =    24.000 ps

 Number of triangulated 3-point waters found:      432

     Sum of charges from parm topology file =   0.00000000
     Forcing neutrality...

--------------------------------------------------------------------------------
   4.  RESULTS
--------------------------------------------------------------------------------

|  # of SOLUTE  degrees of freedom (RNDFP):    2592.
|  # of SOLVENT degrees of freedom (RNDFS):       0.
|  NDFMIN =    2592.     NUM_NOSHAKE =      0     CORRECTED RNDFP =    2592.
|  TOTAL # of degrees of freedom (RNDF) =    2592.
 ---------------------------------------------------
 APPROXIMATING switch and d/dx switch using CUBIC SPLINE INTERPOLATION
 using   5000.0 points per unit in tabled values
 TESTING RELATIVE ERROR over r ranging from 0.0 to cutoff
| CHECK switch(x): max rel err =   0.2738E-14   at   2.422500
| CHECK d/dx switch(x): max rel err =   0.8314E-11   at   2.736960
 ---------------------------------------------------
| Local SIZE OF NONBOND LIST =     333819
| TOTAL SIZE OF NONBOND LIST =     333819

 NSTEP =      100   TIME(PS) =      24.100  TEMP(K) =   197.64  PRESS = -2622.1
 Etot   =     -3939.7438  EKtot   =       508.9949  EPtot      =     -4448.7387
 BOND   =         0.0000  ANGLE   =         0.0000  DIHED      =         0.0000
 1-4 NB =         0.0000  1-4 EEL =         0.0000  VDWAALS    =       667.3407
 EELEC  =     -5116.0794  EHBOND  =         0.0000  RESTRAINT  =         0.0000
 EKCMT  =       260.7254  VIRIAL  =      1120.7977  VOLUME     =     15191.9771
                                                    Density    =         0.8507
 Ewald error estimate:   0.4321E-03
 ------------------------------------------------------------------------------


 NSTEP =      200   TIME(PS) =      24.200  TEMP(K) =   209.30  PRESS = -1061.6
 Etot   =     -3883.6920  EKtot   =       539.0345  EPtot      =     -4422.7265
 BOND   =         0.0000  ANGLE   =         0.0000  DIHED      =         0.0000
 1-4 NB =         0.0000  1-4 EEL =         0.0000  VDWAALS    =       746.6705
 EELEC  =     -5169.3970  EHBOND  =         0.0000  RESTRAINT  =         0.0000
 EKCMT  =       284.6990  VIRIAL  =       631.5227  VOLUME     =     15131.1118
                                                    Density    =         0.8541
 Ewald error estimate:   0.3666E-03
 ------------------------------------------------------------------------------


 NSTEP =      300   TIME(PS) =      24.300  TEMP(K) =   226.85  PRESS = -1721.7
 Etot   =     -3838.4333  EKtot   =       584.2356  EPtot      =     -4422.6689
 BOND   =         0.0000  ANGLE   =         0.0000  DIHED      =         0.0000
 1-4 NB =         0.0000  1-4 EEL =         0.0000  VDWAALS    =       698.0698
 EELEC  =     -5120.7387  EHBOND  =         0.0000  RESTRAINT  =         0.0000
 EKCMT  =       297.0413  VIRIAL  =       857.6092  VOLUME     =     15079.6458
                                                    Density    =         0.8571
 Ewald error estimate:   0.1652E-03
 ------------------------------------------------------------------------------


 NSTEP =      400   TIME(PS) =      24.400  TEMP(K) =   217.79  PRESS =  -809.1
 Etot   =     -3811.0943  EKtot   =       560.9075  EPtot      =     -4372.0018
 BOND   =         0.0000  ANGLE   =         0.0000  DIHED      =         0.0000
 1-4 NB =         0.0000  1-4 EEL =         0.0000  VDWAALS    =       740.1392
 EELEC  =     -5112.1410  EHBOND  =         0.0000  RESTRAINT  =         0.0000
 EKCMT  =       285.5204  VIRIAL  =       548.1295  VOLUME     =     15032.0800
                                                    Density    =         0.8598
 Ewald error estimate:   0.1796E-03
 ------------------------------------------------------------------------------


 NSTEP =      500   TIME(PS) =      24.500  TEMP(K) =   228.12  PRESS =  -834.1
 Etot   =     -3754.0889  EKtot   =       587.4938  EPtot      =     -4341.5827
 BOND   =         0.0000  ANGLE   =         0.0000  DIHED      =         0.0000
 1-4 NB =         0.0000  1-4 EEL =         0.0000  VDWAALS    =       720.2498
 EELEC  =     -5061.8326  EHBOND  =         0.0000  RESTRAINT  =         0.0000
 EKCMT  =       293.8258  VIRIAL  =       564.0106  VOLUME     =     15003.1620
                                                    Density    =         0.8614
 Ewald error estimate:   0.1643E-03
 ------------------------------------------------------------------------------


 NSTEP =      600   TIME(PS) =      24.600  TEMP(K) =   241.99  PRESS =  -854.0
 Etot   =     -3730.4613  EKtot   =       623.2172  EPtot      =     -4353.6785
 BOND   =         0.0000  ANGLE   =         0.0000  DIHED      =         0.0000
 1-4 NB =         0.0000  1-4 EEL =         0.0000  VDWAALS    =       720.8357
 EELEC  =     -5074.5142  EHBOND  =         0.0000  RESTRAINT  =         0.0000
 EKCMT  =       310.1514  VIRIAL  =       586.3069  VOLUME     =     14977.0411
                                                    Density    =         0.8629
 Ewald error estimate:   0.7324E-04
 ------------------------------------------------------------------------------

 Cutoff list exceeds largest sphere in unit cell!!
 Big problems with imaging!!
 a,b,c =    24.047344719950289        22.573969869197484        27.548261593834084     
 alpha,beta,gamma =    90.000000000000000        90.000000000000000        90.000000000000000     
 cutlist,sphere =    11.287000000000001        11.286984934598729     
